{"C:\\Users\\himanchal\\Desktop\\personal-task-tracker\\Backend\\src\\index.ts": {"path":"C:\\Users\\himanchal\\Desktop\\personal-task-tracker\\Backend\\src\\index.ts","statementMap":{"0":{"start":{"line":1,"column":0},"end":{"line":1,"column":30}},"1":{"start":{"line":2,"column":0},"end":{"line":2,"column":24}},"2":{"start":{"line":3,"column":0},"end":{"line":3,"column":28}},"3":{"start":{"line":4,"column":0},"end":{"line":4,"column":45}},"4":{"start":{"line":5,"column":0},"end":{"line":5,"column":45}},"5":{"start":{"line":7,"column":0},"end":{"line":7,"column":16}},"6":{"start":{"line":8,"column":12},"end":{"line":8,"column":21}},"7":{"start":{"line":10,"column":0},"end":{"line":10,"column":16}},"8":{"start":{"line":11,"column":0},"end":{"line":11,"column":24}},"9":{"start":{"line":13,"column":0},"end":{"line":13,"column":79}},"10":{"start":{"line":13,"column":28},"end":{"line":13,"column":77}},"11":{"start":{"line":15,"column":0},"end":{"line":15,"column":33}},"12":{"start":{"line":16,"column":0},"end":{"line":16,"column":34}},"13":{"start":{"line":18,"column":0},"end":{"line":18,"column":19}},"14":{"start":{"line":20,"column":0},"end":{"line":25,"column":1}},"15":{"start":{"line":21,"column":15},"end":{"line":21,"column":39}},"16":{"start":{"line":22,"column":2},"end":{"line":24,"column":4}},"17":{"start":{"line":23,"column":4},"end":{"line":23,"column":62}}},"fnMap":{"0":{"name":"(anonymous_1)","decl":{"start":{"line":13,"column":13},"end":{"line":13,"column":14}},"loc":{"start":{"line":13,"column":28},"end":{"line":13,"column":77}}},"1":{"name":"(anonymous_2)","decl":{"start":{"line":22,"column":19},"end":{"line":22,"column":22}},"loc":{"start":{"line":23,"column":4},"end":{"line":23,"column":62}}}},"branchMap":{"0":{"loc":{"start":{"line":20,"column":0},"end":{"line":25,"column":1}},"type":"if","locations":[{"start":{"line":20,"column":0},"end":{"line":25,"column":1}},{"start":{},"end":{}}]},"1":{"loc":{"start":{"line":21,"column":15},"end":{"line":21,"column":39}},"type":"binary-expr","locations":[{"start":{"line":21,"column":15},"end":{"line":21,"column":31}},{"start":{"line":21,"column":35},"end":{"line":21,"column":39}}]}},"s":{"0":3,"1":3,"2":3,"3":3,"4":3,"5":3,"6":3,"7":3,"8":3,"9":3,"10":0,"11":3,"12":3,"13":3,"14":3,"15":0,"16":0,"17":0},"f":{"0":0,"1":0},"b":{"0":[0,3],"1":[0,0]}}
,"C:\\Users\\himanchal\\Desktop\\personal-task-tracker\\Backend\\src\\config\\db.ts": {"path":"C:\\Users\\himanchal\\Desktop\\personal-task-tracker\\Backend\\src\\config\\db.ts","statementMap":{"0":{"start":{"line":1,"column":0},"end":{"line":1,"column":46}},"1":{"start":{"line":3,"column":15},"end":{"line":3,"column":33}},"2":{"start":{"line":5,"column":0},"end":{"line":5,"column":22}}},"fnMap":{},"branchMap":{},"s":{"0":3,"1":3,"2":3},"f":{},"b":{}}
,"C:\\Users\\himanchal\\Desktop\\personal-task-tracker\\Backend\\src\\controller\\authController.ts": {"path":"C:\\Users\\himanchal\\Desktop\\personal-task-tracker\\Backend\\src\\controller\\authController.ts","statementMap":{"0":{"start":{"line":2,"column":0},"end":{"line":2,"column":34}},"1":{"start":{"line":3,"column":0},"end":{"line":3,"column":30}},"2":{"start":{"line":4,"column":0},"end":{"line":4,"column":31}},"3":{"start":{"line":5,"column":0},"end":{"line":5,"column":28}},"4":{"start":{"line":7,"column":0},"end":{"line":7,"column":16}},"5":{"start":{"line":8,"column":19},"end":{"line":8,"column":51}},"6":{"start":{"line":10,"column":24},"end":{"line":71,"column":2}},"7":{"start":{"line":10,"column":62},"end":{"line":71,"column":2}},"8":{"start":{"line":11,"column":2},"end":{"line":70,"column":3}},"9":{"start":{"line":12,"column":35},"end":{"line":12,"column":43}},"10":{"start":{"line":15,"column":4},"end":{"line":19,"column":5}},"11":{"start":{"line":16,"column":6},"end":{"line":18,"column":65}},"12":{"start":{"line":21,"column":4},"end":{"line":25,"column":5}},"13":{"start":{"line":22,"column":6},"end":{"line":24,"column":68}},"14":{"start":{"line":27,"column":4},"end":{"line":31,"column":5}},"15":{"start":{"line":28,"column":6},"end":{"line":30,"column":74}},"16":{"start":{"line":33,"column":4},"end":{"line":37,"column":5}},"17":{"start":{"line":34,"column":6},"end":{"line":36,"column":71}},"18":{"start":{"line":39,"column":4},"end":{"line":43,"column":5}},"19":{"start":{"line":40,"column":6},"end":{"line":42,"column":74}},"20":{"start":{"line":45,"column":4},"end":{"line":49,"column":5}},"21":{"start":{"line":46,"column":6},"end":{"line":48,"column":72}},"22":{"start":{"line":51,"column":21},"end":{"line":53,"column":6}},"23":{"start":{"line":54,"column":4},"end":{"line":56,"column":5}},"24":{"start":{"line":55,"column":6},"end":{"line":55,"column":70}},"25":{"start":{"line":58,"column":19},"end":{"line":58,"column":50}},"26":{"start":{"line":59,"column":17},"end":{"line":62,"column":6}},"27":{"start":{"line":64,"column":4},"end":{"line":64,"column":76}},"28":{"start":{"line":66,"column":4},"end":{"line":66,"column":46}},"29":{"start":{"line":67,"column":4},"end":{"line":69,"column":80}},"30":{"start":{"line":10,"column":13},"end":{"line":10,"column":24}},"31":{"start":{"line":73,"column":21},"end":{"line":108,"column":2}},"32":{"start":{"line":73,"column":59},"end":{"line":108,"column":2}},"33":{"start":{"line":74,"column":2},"end":{"line":107,"column":3}},"34":{"start":{"line":75,"column":35},"end":{"line":75,"column":43}},"35":{"start":{"line":78,"column":4},"end":{"line":82,"column":5}},"36":{"start":{"line":79,"column":6},"end":{"line":81,"column":65}},"37":{"start":{"line":84,"column":4},"end":{"line":86,"column":5}},"38":{"start":{"line":85,"column":6},"end":{"line":85,"column":77}},"39":{"start":{"line":88,"column":17},"end":{"line":90,"column":6}},"40":{"start":{"line":91,"column":4},"end":{"line":93,"column":5}},"41":{"start":{"line":92,"column":6},"end":{"line":92,"column":79}},"42":{"start":{"line":95,"column":18},"end":{"line":95,"column":63}},"43":{"start":{"line":96,"column":4},"end":{"line":98,"column":5}},"44":{"start":{"line":97,"column":6},"end":{"line":97,"column":79}},"45":{"start":{"line":100,"column":18},"end":{"line":100,"column":77}},"46":{"start":{"line":101,"column":4},"end":{"line":101,"column":53}},"47":{"start":{"line":103,"column":4},"end":{"line":103,"column":39}},"48":{"start":{"line":104,"column":4},"end":{"line":106,"column":80}},"49":{"start":{"line":73,"column":13},"end":{"line":73,"column":21}}},"fnMap":{"0":{"name":"(anonymous_8)","decl":{"start":{"line":10,"column":24},"end":{"line":10,"column":31}},"loc":{"start":{"line":10,"column":62},"end":{"line":71,"column":2}}},"1":{"name":"(anonymous_9)","decl":{"start":{"line":10,"column":62},"end":{"line":10,"column":null}},"loc":{"start":{"line":10,"column":62},"end":{"line":71,"column":1}}},"2":{"name":"(anonymous_10)","decl":{"start":{"line":73,"column":21},"end":{"line":73,"column":28}},"loc":{"start":{"line":73,"column":59},"end":{"line":108,"column":2}}},"3":{"name":"(anonymous_11)","decl":{"start":{"line":73,"column":59},"end":{"line":73,"column":null}},"loc":{"start":{"line":73,"column":59},"end":{"line":108,"column":1}}}},"branchMap":{"0":{"loc":{"start":{"line":15,"column":4},"end":{"line":19,"column":5}},"type":"if","locations":[{"start":{"line":15,"column":4},"end":{"line":19,"column":5}},{"start":{},"end":{}}]},"1":{"loc":{"start":{"line":15,"column":8},"end":{"line":15,"column":30}},"type":"binary-expr","locations":[{"start":{"line":15,"column":8},"end":{"line":15,"column":17}},{"start":{"line":15,"column":21},"end":{"line":15,"column":30}}]},"2":{"loc":{"start":{"line":21,"column":4},"end":{"line":25,"column":5}},"type":"if","locations":[{"start":{"line":21,"column":4},"end":{"line":25,"column":5}},{"start":{},"end":{}}]},"3":{"loc":{"start":{"line":21,"column":8},"end":{"line":21,"column":68}},"type":"binary-expr","locations":[{"start":{"line":21,"column":8},"end":{"line":21,"column":36}},{"start":{"line":21,"column":40},"end":{"line":21,"column":68}}]},"4":{"loc":{"start":{"line":27,"column":4},"end":{"line":31,"column":5}},"type":"if","locations":[{"start":{"line":27,"column":4},"end":{"line":31,"column":5}},{"start":{},"end":{}}]},"5":{"loc":{"start":{"line":33,"column":4},"end":{"line":37,"column":5}},"type":"if","locations":[{"start":{"line":33,"column":4},"end":{"line":37,"column":5}},{"start":{},"end":{}}]},"6":{"loc":{"start":{"line":39,"column":4},"end":{"line":43,"column":5}},"type":"if","locations":[{"start":{"line":39,"column":4},"end":{"line":43,"column":5}},{"start":{},"end":{}}]},"7":{"loc":{"start":{"line":45,"column":4},"end":{"line":49,"column":5}},"type":"if","locations":[{"start":{"line":45,"column":4},"end":{"line":49,"column":5}},{"start":{},"end":{}}]},"8":{"loc":{"start":{"line":54,"column":4},"end":{"line":56,"column":5}},"type":"if","locations":[{"start":{"line":54,"column":4},"end":{"line":56,"column":5}},{"start":{},"end":{}}]},"9":{"loc":{"start":{"line":69,"column":46},"end":{"line":69,"column":76}},"type":"binary-expr","locations":[{"start":{"line":69,"column":46},"end":{"line":69,"column":57}},{"start":{"line":69,"column":61},"end":{"line":69,"column":76}}]},"10":{"loc":{"start":{"line":78,"column":4},"end":{"line":82,"column":5}},"type":"if","locations":[{"start":{"line":78,"column":4},"end":{"line":82,"column":5}},{"start":{},"end":{}}]},"11":{"loc":{"start":{"line":78,"column":8},"end":{"line":78,"column":30}},"type":"binary-expr","locations":[{"start":{"line":78,"column":8},"end":{"line":78,"column":17}},{"start":{"line":78,"column":21},"end":{"line":78,"column":30}}]},"12":{"loc":{"start":{"line":84,"column":4},"end":{"line":86,"column":5}},"type":"if","locations":[{"start":{"line":84,"column":4},"end":{"line":86,"column":5}},{"start":{},"end":{}}]},"13":{"loc":{"start":{"line":84,"column":8},"end":{"line":84,"column":68}},"type":"binary-expr","locations":[{"start":{"line":84,"column":8},"end":{"line":84,"column":36}},{"start":{"line":84,"column":40},"end":{"line":84,"column":68}}]},"14":{"loc":{"start":{"line":91,"column":4},"end":{"line":93,"column":5}},"type":"if","locations":[{"start":{"line":91,"column":4},"end":{"line":93,"column":5}},{"start":{},"end":{}}]},"15":{"loc":{"start":{"line":96,"column":4},"end":{"line":98,"column":5}},"type":"if","locations":[{"start":{"line":96,"column":4},"end":{"line":98,"column":5}},{"start":{},"end":{}}]},"16":{"loc":{"start":{"line":106,"column":46},"end":{"line":106,"column":76}},"type":"binary-expr","locations":[{"start":{"line":106,"column":46},"end":{"line":106,"column":57}},{"start":{"line":106,"column":61},"end":{"line":106,"column":76}}]}},"s":{"0":3,"1":3,"2":3,"3":3,"4":3,"5":3,"6":3,"7":10,"8":10,"9":10,"10":10,"11":2,"12":8,"13":0,"14":8,"15":1,"16":7,"17":0,"18":7,"19":1,"20":6,"21":0,"22":6,"23":6,"24":1,"25":5,"26":5,"27":5,"28":0,"29":0,"30":3,"31":3,"32":9,"33":9,"34":9,"35":9,"36":2,"37":7,"38":0,"39":7,"40":7,"41":1,"42":6,"43":6,"44":1,"45":5,"46":5,"47":0,"48":0,"49":3},"f":{"0":10,"1":10,"2":9,"3":9},"b":{"0":[2,8],"1":[10,9],"2":[0,8],"3":[8,8],"4":[1,7],"5":[0,7],"6":[1,6],"7":[0,6],"8":[1,5],"9":[0,0],"10":[2,7],"11":[9,8],"12":[0,7],"13":[7,7],"14":[1,6],"15":[1,5],"16":[0,0]}}
,"C:\\Users\\himanchal\\Desktop\\personal-task-tracker\\Backend\\src\\controller\\taskController.ts": {"path":"C:\\Users\\himanchal\\Desktop\\personal-task-tracker\\Backend\\src\\controller\\taskController.ts","statementMap":{"0":{"start":{"line":2,"column":0},"end":{"line":2,"column":34}},"1":{"start":{"line":6,"column":24},"end":{"line":19,"column":2}},"2":{"start":{"line":6,"column":66},"end":{"line":19,"column":2}},"3":{"start":{"line":7,"column":2},"end":{"line":18,"column":3}},"4":{"start":{"line":8,"column":19},"end":{"line":8,"column":31}},"5":{"start":{"line":9,"column":4},"end":{"line":9,"column":74}},"6":{"start":{"line":9,"column":17},"end":{"line":9,"column":74}},"7":{"start":{"line":11,"column":18},"end":{"line":14,"column":6}},"8":{"start":{"line":15,"column":4},"end":{"line":15,"column":20}},"9":{"start":{"line":17,"column":4},"end":{"line":17,"column":54}},"10":{"start":{"line":6,"column":13},"end":{"line":6,"column":24}},"11":{"start":{"line":22,"column":26},"end":{"line":79,"column":2}},"12":{"start":{"line":22,"column":68},"end":{"line":79,"column":2}},"13":{"start":{"line":23,"column":2},"end":{"line":78,"column":3}},"14":{"start":{"line":24,"column":19},"end":{"line":24,"column":31}},"15":{"start":{"line":25,"column":4},"end":{"line":27,"column":5}},"16":{"start":{"line":26,"column":6},"end":{"line":26,"column":63}},"17":{"start":{"line":29,"column":43},"end":{"line":29,"column":51}},"18":{"start":{"line":32,"column":4},"end":{"line":36,"column":5}},"19":{"start":{"line":33,"column":6},"end":{"line":35,"column":69}},"20":{"start":{"line":38,"column":4},"end":{"line":40,"column":5}},"21":{"start":{"line":39,"column":6},"end":{"line":39,"column":72}},"22":{"start":{"line":42,"column":4},"end":{"line":46,"column":5}},"23":{"start":{"line":43,"column":6},"end":{"line":45,"column":69}},"24":{"start":{"line":48,"column":4},"end":{"line":50,"column":5}},"25":{"start":{"line":49,"column":6},"end":{"line":49,"column":79}},"26":{"start":{"line":52,"column":4},"end":{"line":56,"column":5}},"27":{"start":{"line":53,"column":6},"end":{"line":55,"column":76}},"28":{"start":{"line":58,"column":4},"end":{"line":62,"column":5}},"29":{"start":{"line":59,"column":6},"end":{"line":61,"column":77}},"30":{"start":{"line":64,"column":17},"end":{"line":71,"column":6}},"31":{"start":{"line":72,"column":4},"end":{"line":72,"column":73}},"32":{"start":{"line":74,"column":4},"end":{"line":74,"column":45}},"33":{"start":{"line":75,"column":4},"end":{"line":77,"column":80}},"34":{"start":{"line":22,"column":13},"end":{"line":22,"column":26}},"35":{"start":{"line":82,"column":26},"end":{"line":160,"column":2}},"36":{"start":{"line":82,"column":68},"end":{"line":160,"column":2}},"37":{"start":{"line":83,"column":2},"end":{"line":159,"column":3}},"38":{"start":{"line":84,"column":19},"end":{"line":84,"column":31}},"39":{"start":{"line":85,"column":4},"end":{"line":87,"column":5}},"40":{"start":{"line":86,"column":6},"end":{"line":86,"column":63}},"41":{"start":{"line":89,"column":19},"end":{"line":89,"column":29}},"42":{"start":{"line":90,"column":43},"end":{"line":90,"column":51}},"43":{"start":{"line":93,"column":4},"end":{"line":95,"column":5}},"44":{"start":{"line":94,"column":6},"end":{"line":94,"column":66}},"45":{"start":{"line":98,"column":4},"end":{"line":109,"column":5}},"46":{"start":{"line":99,"column":6},"end":{"line":103,"column":7}},"47":{"start":{"line":100,"column":8},"end":{"line":102,"column":65}},"48":{"start":{"line":104,"column":6},"end":{"line":108,"column":7}},"49":{"start":{"line":105,"column":8},"end":{"line":107,"column":71}},"50":{"start":{"line":111,"column":4},"end":{"line":122,"column":5}},"51":{"start":{"line":112,"column":6},"end":{"line":116,"column":7}},"52":{"start":{"line":113,"column":8},"end":{"line":115,"column":61}},"53":{"start":{"line":117,"column":6},"end":{"line":121,"column":7}},"54":{"start":{"line":118,"column":8},"end":{"line":120,"column":78}},"55":{"start":{"line":124,"column":4},"end":{"line":128,"column":5}},"56":{"start":{"line":125,"column":6},"end":{"line":127,"column":77}},"57":{"start":{"line":130,"column":21},"end":{"line":132,"column":6}},"58":{"start":{"line":133,"column":4},"end":{"line":135,"column":5}},"59":{"start":{"line":134,"column":6},"end":{"line":134,"column":65}},"60":{"start":{"line":137,"column":4},"end":{"line":141,"column":5}},"61":{"start":{"line":138,"column":6},"end":{"line":140,"column":65}},"62":{"start":{"line":143,"column":28},"end":{"line":143,"column":30}},"63":{"start":{"line":144,"column":4},"end":{"line":144,"column":61}},"64":{"start":{"line":144,"column":29},"end":{"line":144,"column":61}},"65":{"start":{"line":145,"column":4},"end":{"line":146,"column":59}},"66":{"start":{"line":146,"column":6},"end":{"line":146,"column":59}},"67":{"start":{"line":147,"column":4},"end":{"line":147,"column":57}},"68":{"start":{"line":147,"column":30},"end":{"line":147,"column":57}},"69":{"start":{"line":149,"column":20},"end":{"line":152,"column":6}},"70":{"start":{"line":153,"column":4},"end":{"line":153,"column":70}},"71":{"start":{"line":155,"column":4},"end":{"line":155,"column":45}},"72":{"start":{"line":156,"column":4},"end":{"line":158,"column":80}},"73":{"start":{"line":82,"column":13},"end":{"line":82,"column":26}},"74":{"start":{"line":163,"column":26},"end":{"line":198,"column":2}},"75":{"start":{"line":163,"column":68},"end":{"line":198,"column":2}},"76":{"start":{"line":164,"column":2},"end":{"line":197,"column":3}},"77":{"start":{"line":165,"column":19},"end":{"line":165,"column":31}},"78":{"start":{"line":166,"column":4},"end":{"line":168,"column":5}},"79":{"start":{"line":167,"column":6},"end":{"line":167,"column":63}},"80":{"start":{"line":170,"column":19},"end":{"line":170,"column":29}},"81":{"start":{"line":173,"column":4},"end":{"line":175,"column":5}},"82":{"start":{"line":174,"column":6},"end":{"line":174,"column":66}},"83":{"start":{"line":177,"column":21},"end":{"line":179,"column":6}},"84":{"start":{"line":180,"column":4},"end":{"line":182,"column":5}},"85":{"start":{"line":181,"column":6},"end":{"line":181,"column":65}},"86":{"start":{"line":184,"column":4},"end":{"line":188,"column":5}},"87":{"start":{"line":185,"column":6},"end":{"line":187,"column":65}},"88":{"start":{"line":190,"column":4},"end":{"line":190,"column":60}},"89":{"start":{"line":191,"column":4},"end":{"line":191,"column":55}},"90":{"start":{"line":193,"column":4},"end":{"line":193,"column":45}},"91":{"start":{"line":194,"column":4},"end":{"line":196,"column":80}},"92":{"start":{"line":163,"column":13},"end":{"line":163,"column":26}}},"fnMap":{"0":{"name":"(anonymous_8)","decl":{"start":{"line":6,"column":24},"end":{"line":6,"column":31}},"loc":{"start":{"line":6,"column":66},"end":{"line":19,"column":2}}},"1":{"name":"(anonymous_9)","decl":{"start":{"line":6,"column":66},"end":{"line":6,"column":null}},"loc":{"start":{"line":6,"column":66},"end":{"line":19,"column":1}}},"2":{"name":"(anonymous_10)","decl":{"start":{"line":22,"column":26},"end":{"line":22,"column":33}},"loc":{"start":{"line":22,"column":68},"end":{"line":79,"column":2}}},"3":{"name":"(anonymous_11)","decl":{"start":{"line":22,"column":68},"end":{"line":22,"column":null}},"loc":{"start":{"line":22,"column":68},"end":{"line":79,"column":1}}},"4":{"name":"(anonymous_12)","decl":{"start":{"line":82,"column":26},"end":{"line":82,"column":33}},"loc":{"start":{"line":82,"column":68},"end":{"line":160,"column":2}}},"5":{"name":"(anonymous_13)","decl":{"start":{"line":82,"column":68},"end":{"line":82,"column":null}},"loc":{"start":{"line":82,"column":68},"end":{"line":160,"column":1}}},"6":{"name":"(anonymous_14)","decl":{"start":{"line":163,"column":26},"end":{"line":163,"column":33}},"loc":{"start":{"line":163,"column":68},"end":{"line":198,"column":2}}},"7":{"name":"(anonymous_15)","decl":{"start":{"line":163,"column":68},"end":{"line":163,"column":null}},"loc":{"start":{"line":163,"column":68},"end":{"line":198,"column":1}}}},"branchMap":{"0":{"loc":{"start":{"line":8,"column":19},"end":{"line":8,"column":31}},"type":"cond-expr","locations":[{"start":{"line":8,"column":27},"end":{"line":8,"column":29}},{"start":{"line":8,"column":27},"end":{"line":8,"column":31}}]},"1":{"loc":{"start":{"line":8,"column":19},"end":{"line":8,"column":29}},"type":"binary-expr","locations":[{"start":{"line":8,"column":19},"end":{"line":8,"column":29}},{"start":{"line":8,"column":27},"end":{"line":8,"column":29}}]},"2":{"loc":{"start":{"line":9,"column":4},"end":{"line":9,"column":74}},"type":"if","locations":[{"start":{"line":9,"column":4},"end":{"line":9,"column":74}},{"start":{},"end":{}}]},"3":{"loc":{"start":{"line":24,"column":19},"end":{"line":24,"column":31}},"type":"cond-expr","locations":[{"start":{"line":24,"column":27},"end":{"line":24,"column":29}},{"start":{"line":24,"column":27},"end":{"line":24,"column":31}}]},"4":{"loc":{"start":{"line":24,"column":19},"end":{"line":24,"column":29}},"type":"binary-expr","locations":[{"start":{"line":24,"column":19},"end":{"line":24,"column":29}},{"start":{"line":24,"column":27},"end":{"line":24,"column":29}}]},"5":{"loc":{"start":{"line":25,"column":4},"end":{"line":27,"column":5}},"type":"if","locations":[{"start":{"line":25,"column":4},"end":{"line":27,"column":5}},{"start":{},"end":{}}]},"6":{"loc":{"start":{"line":32,"column":4},"end":{"line":36,"column":5}},"type":"if","locations":[{"start":{"line":32,"column":4},"end":{"line":36,"column":5}},{"start":{},"end":{}}]},"7":{"loc":{"start":{"line":32,"column":8},"end":{"line":32,"column":43}},"type":"binary-expr","locations":[{"start":{"line":32,"column":8},"end":{"line":32,"column":14}},{"start":{"line":32,"column":18},"end":{"line":32,"column":43}}]},"8":{"loc":{"start":{"line":38,"column":4},"end":{"line":40,"column":5}},"type":"if","locations":[{"start":{"line":38,"column":4},"end":{"line":40,"column":5}},{"start":{},"end":{}}]},"9":{"loc":{"start":{"line":42,"column":4},"end":{"line":46,"column":5}},"type":"if","locations":[{"start":{"line":42,"column":4},"end":{"line":46,"column":5}},{"start":{},"end":{}}]},"10":{"loc":{"start":{"line":48,"column":4},"end":{"line":50,"column":5}},"type":"if","locations":[{"start":{"line":48,"column":4},"end":{"line":50,"column":5}},{"start":{},"end":{}}]},"11":{"loc":{"start":{"line":48,"column":8},"end":{"line":48,"column":54}},"type":"binary-expr","locations":[{"start":{"line":48,"column":8},"end":{"line":48,"column":19}},{"start":{"line":48,"column":23},"end":{"line":48,"column":54}}]},"12":{"loc":{"start":{"line":52,"column":4},"end":{"line":56,"column":5}},"type":"if","locations":[{"start":{"line":52,"column":4},"end":{"line":56,"column":5}},{"start":{},"end":{}}]},"13":{"loc":{"start":{"line":52,"column":8},"end":{"line":52,"column":48}},"type":"binary-expr","locations":[{"start":{"line":52,"column":8},"end":{"line":52,"column":19}},{"start":{"line":52,"column":23},"end":{"line":52,"column":48}}]},"14":{"loc":{"start":{"line":58,"column":4},"end":{"line":62,"column":5}},"type":"if","locations":[{"start":{"line":58,"column":4},"end":{"line":62,"column":5}},{"start":{},"end":{}}]},"15":{"loc":{"start":{"line":58,"column":8},"end":{"line":58,"column":60}},"type":"binary-expr","locations":[{"start":{"line":58,"column":8},"end":{"line":58,"column":14}},{"start":{"line":58,"column":18},"end":{"line":58,"column":60}}]},"16":{"loc":{"start":{"line":67,"column":21},"end":{"line":67,"column":48}},"type":"binary-expr","locations":[{"start":{"line":67,"column":21},"end":{"line":67,"column":40}},{"start":{"line":67,"column":44},"end":{"line":67,"column":48}}]},"17":{"loc":{"start":{"line":67,"column":21},"end":{"line":67,"column":40}},"type":"cond-expr","locations":[{"start":{"line":67,"column":32},"end":{"line":67,"column":34}},{"start":{"line":67,"column":21},"end":{"line":67,"column":40}}]},"18":{"loc":{"start":{"line":67,"column":21},"end":{"line":67,"column":34}},"type":"binary-expr","locations":[{"start":{"line":67,"column":21},"end":{"line":67,"column":34}},{"start":{"line":67,"column":21},"end":{"line":67,"column":34}}]},"19":{"loc":{"start":{"line":68,"column":16},"end":{"line":68,"column":35}},"type":"binary-expr","locations":[{"start":{"line":68,"column":16},"end":{"line":68,"column":22}},{"start":{"line":68,"column":26},"end":{"line":68,"column":35}}]},"20":{"loc":{"start":{"line":77,"column":46},"end":{"line":77,"column":76}},"type":"binary-expr","locations":[{"start":{"line":77,"column":46},"end":{"line":77,"column":57}},{"start":{"line":77,"column":61},"end":{"line":77,"column":76}}]},"21":{"loc":{"start":{"line":84,"column":19},"end":{"line":84,"column":31}},"type":"cond-expr","locations":[{"start":{"line":84,"column":27},"end":{"line":84,"column":29}},{"start":{"line":84,"column":27},"end":{"line":84,"column":31}}]},"22":{"loc":{"start":{"line":84,"column":19},"end":{"line":84,"column":29}},"type":"binary-expr","locations":[{"start":{"line":84,"column":19},"end":{"line":84,"column":29}},{"start":{"line":84,"column":27},"end":{"line":84,"column":29}}]},"23":{"loc":{"start":{"line":85,"column":4},"end":{"line":87,"column":5}},"type":"if","locations":[{"start":{"line":85,"column":4},"end":{"line":87,"column":5}},{"start":{},"end":{}}]},"24":{"loc":{"start":{"line":93,"column":4},"end":{"line":95,"column":5}},"type":"if","locations":[{"start":{"line":93,"column":4},"end":{"line":95,"column":5}},{"start":{},"end":{}}]},"25":{"loc":{"start":{"line":98,"column":4},"end":{"line":109,"column":5}},"type":"if","locations":[{"start":{"line":98,"column":4},"end":{"line":109,"column":5}},{"start":{},"end":{}}]},"26":{"loc":{"start":{"line":99,"column":6},"end":{"line":103,"column":7}},"type":"if","locations":[{"start":{"line":99,"column":6},"end":{"line":103,"column":7}},{"start":{},"end":{}}]},"27":{"loc":{"start":{"line":99,"column":10},"end":{"line":99,"column":64}},"type":"binary-expr","locations":[{"start":{"line":99,"column":10},"end":{"line":99,"column":35}},{"start":{"line":99,"column":39},"end":{"line":99,"column":64}}]},"28":{"loc":{"start":{"line":104,"column":6},"end":{"line":108,"column":7}},"type":"if","locations":[{"start":{"line":104,"column":6},"end":{"line":108,"column":7}},{"start":{},"end":{}}]},"29":{"loc":{"start":{"line":111,"column":4},"end":{"line":122,"column":5}},"type":"if","locations":[{"start":{"line":111,"column":4},"end":{"line":122,"column":5}},{"start":{},"end":{}}]},"30":{"loc":{"start":{"line":111,"column":8},"end":{"line":111,"column":57}},"type":"binary-expr","locations":[{"start":{"line":111,"column":8},"end":{"line":111,"column":33}},{"start":{"line":111,"column":37},"end":{"line":111,"column":57}}]},"31":{"loc":{"start":{"line":112,"column":6},"end":{"line":116,"column":7}},"type":"if","locations":[{"start":{"line":112,"column":6},"end":{"line":116,"column":7}},{"start":{},"end":{}}]},"32":{"loc":{"start":{"line":117,"column":6},"end":{"line":121,"column":7}},"type":"if","locations":[{"start":{"line":117,"column":6},"end":{"line":121,"column":7}},{"start":{},"end":{}}]},"33":{"loc":{"start":{"line":124,"column":4},"end":{"line":128,"column":5}},"type":"if","locations":[{"start":{"line":124,"column":4},"end":{"line":128,"column":5}},{"start":{},"end":{}}]},"34":{"loc":{"start":{"line":124,"column":8},"end":{"line":124,"column":74}},"type":"binary-expr","locations":[{"start":{"line":124,"column":8},"end":{"line":124,"column":28}},{"start":{"line":124,"column":32},"end":{"line":124,"column":74}}]},"35":{"loc":{"start":{"line":133,"column":4},"end":{"line":135,"column":5}},"type":"if","locations":[{"start":{"line":133,"column":4},"end":{"line":135,"column":5}},{"start":{},"end":{}}]},"36":{"loc":{"start":{"line":137,"column":4},"end":{"line":141,"column":5}},"type":"if","locations":[{"start":{"line":137,"column":4},"end":{"line":141,"column":5}},{"start":{},"end":{}}]},"37":{"loc":{"start":{"line":144,"column":4},"end":{"line":144,"column":61}},"type":"if","locations":[{"start":{"line":144,"column":4},"end":{"line":144,"column":61}},{"start":{},"end":{}}]},"38":{"loc":{"start":{"line":145,"column":4},"end":{"line":146,"column":59}},"type":"if","locations":[{"start":{"line":145,"column":4},"end":{"line":146,"column":59}},{"start":{},"end":{}}]},"39":{"loc":{"start":{"line":146,"column":31},"end":{"line":146,"column":58}},"type":"binary-expr","locations":[{"start":{"line":146,"column":31},"end":{"line":146,"column":50}},{"start":{"line":146,"column":54},"end":{"line":146,"column":58}}]},"40":{"loc":{"start":{"line":146,"column":31},"end":{"line":146,"column":50}},"type":"cond-expr","locations":[{"start":{"line":146,"column":42},"end":{"line":146,"column":44}},{"start":{"line":146,"column":31},"end":{"line":146,"column":50}}]},"41":{"loc":{"start":{"line":146,"column":31},"end":{"line":146,"column":44}},"type":"binary-expr","locations":[{"start":{"line":146,"column":31},"end":{"line":146,"column":44}},{"start":{"line":146,"column":31},"end":{"line":146,"column":44}}]},"42":{"loc":{"start":{"line":147,"column":4},"end":{"line":147,"column":57}},"type":"if","locations":[{"start":{"line":147,"column":4},"end":{"line":147,"column":57}},{"start":{},"end":{}}]},"43":{"loc":{"start":{"line":158,"column":46},"end":{"line":158,"column":76}},"type":"binary-expr","locations":[{"start":{"line":158,"column":46},"end":{"line":158,"column":57}},{"start":{"line":158,"column":61},"end":{"line":158,"column":76}}]},"44":{"loc":{"start":{"line":165,"column":19},"end":{"line":165,"column":31}},"type":"cond-expr","locations":[{"start":{"line":165,"column":27},"end":{"line":165,"column":29}},{"start":{"line":165,"column":27},"end":{"line":165,"column":31}}]},"45":{"loc":{"start":{"line":165,"column":19},"end":{"line":165,"column":29}},"type":"binary-expr","locations":[{"start":{"line":165,"column":19},"end":{"line":165,"column":29}},{"start":{"line":165,"column":27},"end":{"line":165,"column":29}}]},"46":{"loc":{"start":{"line":166,"column":4},"end":{"line":168,"column":5}},"type":"if","locations":[{"start":{"line":166,"column":4},"end":{"line":168,"column":5}},{"start":{},"end":{}}]},"47":{"loc":{"start":{"line":173,"column":4},"end":{"line":175,"column":5}},"type":"if","locations":[{"start":{"line":173,"column":4},"end":{"line":175,"column":5}},{"start":{},"end":{}}]},"48":{"loc":{"start":{"line":180,"column":4},"end":{"line":182,"column":5}},"type":"if","locations":[{"start":{"line":180,"column":4},"end":{"line":182,"column":5}},{"start":{},"end":{}}]},"49":{"loc":{"start":{"line":184,"column":4},"end":{"line":188,"column":5}},"type":"if","locations":[{"start":{"line":184,"column":4},"end":{"line":188,"column":5}},{"start":{},"end":{}}]},"50":{"loc":{"start":{"line":196,"column":46},"end":{"line":196,"column":76}},"type":"binary-expr","locations":[{"start":{"line":196,"column":46},"end":{"line":196,"column":57}},{"start":{"line":196,"column":61},"end":{"line":196,"column":76}}]}},"s":{"0":3,"1":3,"2":2,"3":2,"4":2,"5":2,"6":0,"7":2,"8":2,"9":0,"10":3,"11":3,"12":4,"13":4,"14":4,"15":4,"16":0,"17":4,"18":4,"19":1,"20":3,"21":0,"22":3,"23":0,"24":3,"25":0,"26":3,"27":0,"28":3,"29":1,"30":2,"31":2,"32":0,"33":0,"34":3,"35":3,"36":4,"37":4,"38":4,"39":4,"40":0,"41":4,"42":4,"43":4,"44":0,"45":4,"46":3,"47":0,"48":3,"49":0,"50":4,"51":1,"52":0,"53":1,"54":0,"55":4,"56":1,"57":3,"58":3,"59":1,"60":2,"61":1,"62":1,"63":1,"64":1,"65":1,"66":1,"67":1,"68":1,"69":1,"70":1,"71":0,"72":0,"73":3,"74":3,"75":3,"76":3,"77":3,"78":3,"79":0,"80":3,"81":3,"82":1,"83":2,"84":2,"85":1,"86":1,"87":0,"88":1,"89":1,"90":0,"91":0,"92":3},"f":{"0":2,"1":2,"2":4,"3":4,"4":4,"5":4,"6":3,"7":3},"b":{"0":[0,2],"1":[2,2],"2":[0,2],"3":[0,4],"4":[4,4],"5":[0,4],"6":[1,3],"7":[4,3],"8":[0,3],"9":[0,3],"10":[0,3],"11":[3,1],"12":[0,3],"13":[3,1],"14":[1,2],"15":[3,2],"16":[2,1],"17":[1,1],"18":[2,2],"19":[2,1],"20":[0,0],"21":[0,4],"22":[4,4],"23":[0,4],"24":[0,4],"25":[3,1],"26":[0,3],"27":[3,3],"28":[0,3],"29":[1,3],"30":[4,1],"31":[0,1],"32":[0,1],"33":[1,3],"34":[4,2],"35":[1,2],"36":[1,1],"37":[1,0],"38":[1,0],"39":[1,0],"40":[0,1],"41":[1,1],"42":[1,0],"43":[0,0],"44":[0,3],"45":[3,3],"46":[0,3],"47":[1,2],"48":[1,1],"49":[0,1],"50":[0,0]}}
,"C:\\Users\\himanchal\\Desktop\\personal-task-tracker\\Backend\\src\\middleware\\auth.ts": {"path":"C:\\Users\\himanchal\\Desktop\\personal-task-tracker\\Backend\\src\\middleware\\auth.ts","statementMap":{"0":{"start":{"line":2,"column":0},"end":{"line":2,"column":31}},"1":{"start":{"line":3,"column":0},"end":{"line":3,"column":28}},"2":{"start":{"line":5,"column":0},"end":{"line":5,"column":16}},"3":{"start":{"line":11,"column":27},"end":{"line":25,"column":1}},"4":{"start":{"line":12,"column":21},"end":{"line":12,"column":46}},"5":{"start":{"line":13,"column":2},"end":{"line":13,"column":92}},"6":{"start":{"line":13,"column":19},"end":{"line":13,"column":92}},"7":{"start":{"line":15,"column":16},"end":{"line":15,"column":40}},"8":{"start":{"line":16,"column":2},"end":{"line":16,"column":72}},"9":{"start":{"line":16,"column":14},"end":{"line":16,"column":72}},"10":{"start":{"line":18,"column":2},"end":{"line":24,"column":3}},"11":{"start":{"line":19,"column":20},"end":{"line":19,"column":89}},"12":{"start":{"line":20,"column":4},"end":{"line":20,"column":34}},"13":{"start":{"line":21,"column":4},"end":{"line":21,"column":11}},"14":{"start":{"line":23,"column":4},"end":{"line":23,"column":73}},"15":{"start":{"line":11,"column":13},"end":{"line":11,"column":27}}},"fnMap":{"0":{"name":"(anonymous_1)","decl":{"start":{"line":11,"column":27},"end":{"line":11,"column":28}},"loc":{"start":{"line":11,"column":83},"end":{"line":25,"column":1}}}},"branchMap":{"0":{"loc":{"start":{"line":13,"column":2},"end":{"line":13,"column":92}},"type":"if","locations":[{"start":{"line":13,"column":2},"end":{"line":13,"column":92}},{"start":{},"end":{}}]},"1":{"loc":{"start":{"line":16,"column":2},"end":{"line":16,"column":72}},"type":"if","locations":[{"start":{"line":16,"column":2},"end":{"line":16,"column":72}},{"start":{},"end":{}}]}},"s":{"0":3,"1":3,"2":3,"3":3,"4":23,"5":23,"6":5,"7":18,"8":18,"9":1,"10":17,"11":17,"12":13,"13":13,"14":4,"15":3},"f":{"0":23},"b":{"0":[5,18],"1":[1,17]}}
,"C:\\Users\\himanchal\\Desktop\\personal-task-tracker\\Backend\\src\\routes\\authRoutes.ts": {"path":"C:\\Users\\himanchal\\Desktop\\personal-task-tracker\\Backend\\src\\routes\\authRoutes.ts","statementMap":{"0":{"start":{"line":1,"column":0},"end":{"line":1,"column":33}},"1":{"start":{"line":2,"column":0},"end":{"line":2,"column":63}},"2":{"start":{"line":4,"column":15},"end":{"line":4,"column":23}},"3":{"start":{"line":6,"column":0},"end":{"line":6,"column":35}},"4":{"start":{"line":7,"column":0},"end":{"line":7,"column":29}},"5":{"start":{"line":9,"column":0},"end":{"line":9,"column":22}}},"fnMap":{},"branchMap":{},"s":{"0":3,"1":3,"2":3,"3":3,"4":3,"5":3},"f":{},"b":{}}
,"C:\\Users\\himanchal\\Desktop\\personal-task-tracker\\Backend\\src\\routes\\taskRoutes.ts": {"path":"C:\\Users\\himanchal\\Desktop\\personal-task-tracker\\Backend\\src\\routes\\taskRoutes.ts","statementMap":{"0":{"start":{"line":1,"column":0},"end":{"line":1,"column":33}},"1":{"start":{"line":2,"column":0},"end":{"line":2,"column":49}},"2":{"start":{"line":3,"column":0},"end":{"line":3,"column":92}},"3":{"start":{"line":5,"column":15},"end":{"line":5,"column":23}},"4":{"start":{"line":7,"column":0},"end":{"line":7,"column":39}},"5":{"start":{"line":8,"column":0},"end":{"line":8,"column":42}},"6":{"start":{"line":9,"column":0},"end":{"line":9,"column":44}},"7":{"start":{"line":10,"column":0},"end":{"line":10,"column":47}},"8":{"start":{"line":12,"column":0},"end":{"line":12,"column":22}}},"fnMap":{},"branchMap":{},"s":{"0":3,"1":3,"2":3,"3":3,"4":3,"5":3,"6":3,"7":3,"8":3},"f":{},"b":{}}
}
