TN:
SF:src\index.ts
FN:13,(anonymous_1)
FN:22,(anonymous_2)
FNF:2
FNH:0
FNDA:0,(anonymous_1)
FNDA:0,(anonymous_2)
DA:1,3
DA:2,3
DA:3,3
DA:4,3
DA:5,3
DA:7,3
DA:8,3
DA:10,3
DA:11,3
DA:13,3
DA:15,3
DA:16,3
DA:18,3
DA:20,3
DA:21,0
DA:22,0
DA:23,0
LF:17
LH:14
BRDA:20,0,0,0
BRDA:20,0,1,3
BRDA:21,1,0,0
BRDA:21,1,1,0
BRF:4
BRH:1
end_of_record
TN:
SF:src\config\db.ts
FNF:0
FNH:0
DA:1,3
DA:3,3
DA:5,3
LF:3
LH:3
BRF:0
BRH:0
end_of_record
TN:
SF:src\controller\authController.ts
FN:10,(anonymous_8)
FN:10,(anonymous_9)
FN:73,(anonymous_10)
FN:73,(anonymous_11)
FNF:4
FNH:4
FNDA:10,(anonymous_8)
FNDA:10,(anonymous_9)
FNDA:9,(anonymous_10)
FNDA:9,(anonymous_11)
DA:2,3
DA:3,3
DA:4,3
DA:5,3
DA:7,3
DA:8,3
DA:10,10
DA:11,10
DA:12,10
DA:15,10
DA:16,2
DA:21,8
DA:22,0
DA:27,8
DA:28,1
DA:33,7
DA:34,0
DA:39,7
DA:40,1
DA:45,6
DA:46,0
DA:51,6
DA:54,6
DA:55,1
DA:58,5
DA:59,5
DA:64,5
DA:66,0
DA:67,0
DA:73,9
DA:74,9
DA:75,9
DA:78,9
DA:79,2
DA:84,7
DA:85,0
DA:88,7
DA:91,7
DA:92,1
DA:95,6
DA:96,6
DA:97,1
DA:100,5
DA:101,5
DA:103,0
DA:104,0
LF:46
LH:38
BRDA:15,0,0,2
BRDA:15,0,1,8
BRDA:15,1,0,10
BRDA:15,1,1,9
BRDA:21,2,0,0
BRDA:21,2,1,8
BRDA:21,3,0,8
BRDA:21,3,1,8
BRDA:27,4,0,1
BRDA:27,4,1,7
BRDA:33,5,0,0
BRDA:33,5,1,7
BRDA:39,6,0,1
BRDA:39,6,1,6
BRDA:45,7,0,0
BRDA:45,7,1,6
BRDA:54,8,0,1
BRDA:54,8,1,5
BRDA:69,9,0,0
BRDA:69,9,1,0
BRDA:78,10,0,2
BRDA:78,10,1,7
BRDA:78,11,0,9
BRDA:78,11,1,8
BRDA:84,12,0,0
BRDA:84,12,1,7
BRDA:84,13,0,7
BRDA:84,13,1,7
BRDA:91,14,0,1
BRDA:91,14,1,6
BRDA:96,15,0,1
BRDA:96,15,1,5
BRDA:106,16,0,0
BRDA:106,16,1,0
BRF:34
BRH:26
end_of_record
TN:
SF:src\controller\taskController.ts
FN:6,(anonymous_8)
FN:6,(anonymous_9)
FN:22,(anonymous_10)
FN:22,(anonymous_11)
FN:82,(anonymous_12)
FN:82,(anonymous_13)
FN:163,(anonymous_14)
FN:163,(anonymous_15)
FNF:8
FNH:8
FNDA:2,(anonymous_8)
FNDA:2,(anonymous_9)
FNDA:4,(anonymous_10)
FNDA:4,(anonymous_11)
FNDA:4,(anonymous_12)
FNDA:4,(anonymous_13)
FNDA:3,(anonymous_14)
FNDA:3,(anonymous_15)
DA:2,3
DA:6,3
DA:7,2
DA:8,2
DA:9,2
DA:11,2
DA:15,2
DA:17,0
DA:22,4
DA:23,4
DA:24,4
DA:25,4
DA:26,0
DA:29,4
DA:32,4
DA:33,1
DA:38,3
DA:39,0
DA:42,3
DA:43,0
DA:48,3
DA:49,0
DA:52,3
DA:53,0
DA:58,3
DA:59,1
DA:64,2
DA:72,2
DA:74,0
DA:75,0
DA:82,4
DA:83,4
DA:84,4
DA:85,4
DA:86,0
DA:89,4
DA:90,4
DA:93,4
DA:94,0
DA:98,4
DA:99,3
DA:100,0
DA:104,3
DA:105,0
DA:111,4
DA:112,1
DA:113,0
DA:117,1
DA:118,0
DA:124,4
DA:125,1
DA:130,3
DA:133,3
DA:134,1
DA:137,2
DA:138,1
DA:143,1
DA:144,1
DA:145,1
DA:146,1
DA:147,1
DA:149,1
DA:153,1
DA:155,0
DA:156,0
DA:163,3
DA:164,3
DA:165,3
DA:166,3
DA:167,0
DA:170,3
DA:173,3
DA:174,1
DA:177,2
DA:180,2
DA:181,1
DA:184,1
DA:185,0
DA:190,1
DA:191,1
DA:193,0
DA:194,0
LF:82
LH:62
BRDA:8,0,0,0
BRDA:8,0,1,2
BRDA:8,1,0,2
BRDA:8,1,1,2
BRDA:9,2,0,0
BRDA:9,2,1,2
BRDA:24,3,0,0
BRDA:24,3,1,4
BRDA:24,4,0,4
BRDA:24,4,1,4
BRDA:25,5,0,0
BRDA:25,5,1,4
BRDA:32,6,0,1
BRDA:32,6,1,3
BRDA:32,7,0,4
BRDA:32,7,1,3
BRDA:38,8,0,0
BRDA:38,8,1,3
BRDA:42,9,0,0
BRDA:42,9,1,3
BRDA:48,10,0,0
BRDA:48,10,1,3
BRDA:48,11,0,3
BRDA:48,11,1,1
BRDA:52,12,0,0
BRDA:52,12,1,3
BRDA:52,13,0,3
BRDA:52,13,1,1
BRDA:58,14,0,1
BRDA:58,14,1,2
BRDA:58,15,0,3
BRDA:58,15,1,2
BRDA:67,16,0,2
BRDA:67,16,1,1
BRDA:67,17,0,1
BRDA:67,17,1,1
BRDA:67,18,0,2
BRDA:67,18,1,2
BRDA:68,19,0,2
BRDA:68,19,1,1
BRDA:77,20,0,0
BRDA:77,20,1,0
BRDA:84,21,0,0
BRDA:84,21,1,4
BRDA:84,22,0,4
BRDA:84,22,1,4
BRDA:85,23,0,0
BRDA:85,23,1,4
BRDA:93,24,0,0
BRDA:93,24,1,4
BRDA:98,25,0,3
BRDA:98,25,1,1
BRDA:99,26,0,0
BRDA:99,26,1,3
BRDA:99,27,0,3
BRDA:99,27,1,3
BRDA:104,28,0,0
BRDA:104,28,1,3
BRDA:111,29,0,1
BRDA:111,29,1,3
BRDA:111,30,0,4
BRDA:111,30,1,1
BRDA:112,31,0,0
BRDA:112,31,1,1
BRDA:117,32,0,0
BRDA:117,32,1,1
BRDA:124,33,0,1
BRDA:124,33,1,3
BRDA:124,34,0,4
BRDA:124,34,1,2
BRDA:133,35,0,1
BRDA:133,35,1,2
BRDA:137,36,0,1
BRDA:137,36,1,1
BRDA:144,37,0,1
BRDA:144,37,1,0
BRDA:145,38,0,1
BRDA:145,38,1,0
BRDA:146,39,0,1
BRDA:146,39,1,0
BRDA:146,40,0,0
BRDA:146,40,1,1
BRDA:146,41,0,1
BRDA:146,41,1,1
BRDA:147,42,0,1
BRDA:147,42,1,0
BRDA:158,43,0,0
BRDA:158,43,1,0
BRDA:165,44,0,0
BRDA:165,44,1,3
BRDA:165,45,0,3
BRDA:165,45,1,3
BRDA:166,46,0,0
BRDA:166,46,1,3
BRDA:173,47,0,1
BRDA:173,47,1,2
BRDA:180,48,0,1
BRDA:180,48,1,1
BRDA:184,49,0,0
BRDA:184,49,1,1
BRDA:196,50,0,0
BRDA:196,50,1,0
BRF:102
BRH:73
end_of_record
TN:
SF:src\middleware\auth.ts
FN:11,(anonymous_1)
FNF:1
FNH:1
FNDA:23,(anonymous_1)
DA:2,3
DA:3,3
DA:5,3
DA:11,3
DA:12,23
DA:13,23
DA:15,18
DA:16,18
DA:18,17
DA:19,17
DA:20,13
DA:21,13
DA:23,4
LF:13
LH:13
BRDA:13,0,0,5
BRDA:13,0,1,18
BRDA:16,1,0,1
BRDA:16,1,1,17
BRF:4
BRH:4
end_of_record
TN:
SF:src\routes\authRoutes.ts
FNF:0
FNH:0
DA:1,3
DA:2,3
DA:4,3
DA:6,3
DA:7,3
DA:9,3
LF:6
LH:6
BRF:0
BRH:0
end_of_record
TN:
SF:src\routes\taskRoutes.ts
FNF:0
FNH:0
DA:1,3
DA:2,3
DA:3,3
DA:5,3
DA:7,3
DA:8,3
DA:9,3
DA:10,3
DA:12,3
LF:9
LH:9
BRF:0
BRH:0
end_of_record
